INFO:root:Выбрана опреция пополнить счет
INFO:root:Пополнение счета
INFO:root:Работа функции пополнение счета
INFO:root:Работа функции налог на богатство
INFO:root:Ввод суммы пополнения
INFO:root:Проверка на кратность 50 ти
INFO:root:Баланс пополнен успешно
INFO:root:Вывод баланса счета
INFO:root:Выбрана опреция снятие средств
INFO:root:Снятие средств со счета
INFO:root:Работа функции снятие средств
INFO:root:Работа функции налог на богатство
INFO:root:Ввод суммы снятия
INFO:root:Проверка кратности 50 ти
INFO:root:Работа функции коммиссия за снятие средств 
INFO:root:Расчет коммисии
INFO:root:Коммиссия больше  600 уе, списание 600 уе
INFO:root:Расчет суммы снятия средств c учетом комисии
INFO:root:Успешнное снятие средств
INFO:root:Вывод баланса счета
INFO:root:Выбрана опреция выход

